<?xml version="1.0" encoding="UTF-8"?>
<testsuite xmlns:xsi="http://www.w3.org/2001/XMLSchema-instance" xsi:noNamespaceSchemaLocation="https://maven.apache.org/surefire/maven-surefire-plugin/xsd/surefire-test-report.xsd" name="com.school_system.SchoolManagerIntegrationTest" time="0" tests="7" errors="0" skipped="0" failures="0">
  <properties>
[...]
</properties>
  <testcase name="testCountStudentsInCourse" classname="com.school_system.SchoolManagerIntegrationTest" time="0"/>
  <testcase name="testExportSchoolReport" classname="com.school_system.SchoolManagerIntegrationTest" time="0"/>
  <testcase name="testExportImportStudents" classname="com.school_system.SchoolManagerIntegrationTest" time="0"/>
  <testcase name="testGetCoursesOfStudent" classname="com.school_system.SchoolManagerIntegrationTest" time="0"/>
  <testcase name="testGetCourseWithMostStudents" classname="com.school_system.SchoolManagerIntegrationTest" time="0"/>
  <testcase name="testEndToEndStudentEnrollment" classname="com.school_system.SchoolManagerIntegrationTest" time="0"/>
  <testcase name="testStudentsSortedByName" classname="com.school_system.SchoolManagerIntegrationTest" time="0"/>
</testsuite>